<?xml version="1.0" encoding="utf-8" ?>
<portable-config>
	<config-file path="WEB-INF/classes/config.properties">
		<replace key="env.flag">test</replace>
		
		<!-- mysql server start -->
		<replace key="jdbc.type">mysql</replace>	
		<replace key="jdbc.driver">com.mysql.jdbc.Driver</replace>
		<replace key="jdbc.url">jdbc:mysql://172.17.9.14:3306/coffee_bean?useUnicode=true&amp;autoReconnect=true&amp;characterEncoding=UTF-8</replace>
		<replace key="jdbc.username">coffee</replace>
		<replace key="jdbc.password">coffeeTestO1</replace>
		<!-- mysql server end -->
		
		<replace key="userfiles.basedir">/mnt/manhattan_dev</replace>
		
		<!-- redis server start -->
		<replace key="redis.keyPrefix">mhttest</replace>
		<replace key="redis.host">172.17.9.15</replace>
		<replace key="redis.port">6379</replace>
		<!-- redis server end -->
		
		<!-- coffeebean server start -->	
		<replace key="coffeebean.baseurl">http://172.17.9.14:8080</replace>
		<replace key="coffeebean.applycode.verification">/COFFEE_SERVER/app/CheckCode</replace>
		<replace key="coffeebean.refund.trial">/COFFEE_SERVER/app/ReturnMoneyTest</replace>
		<replace key="coffeebean.refund">/COFFEE_SERVER/app/ReturnMoney</replace>
		<replace key="coffeebean.decline.trial">/COFFEE_SERVER/app/LowerClassTestAction</replace>
		<replace key="coffeebean.decline">/COFFEE_SERVER/app/LowerClass</replace>
		<replace key="coffeebean.organize.material">/COFFEE_SERVER/app/OrgMaterialAbout</replace>
		<replace key="coffeebean.organize.statuschange">/COFFEE_SERVER/app/cashloan/OrgStatusChangeAction</replace>
		<replace key="coffeebean.organize.productchange">/COFFEE_SERVER/app/cashloan/AddOrUpdateProductType</replace>
		<!-- coffeebean server end -->
		
		<!-- llpay server start -->
		<replace key="llpay.partner.oid">201608160000201008</replace>
		<replace key="llpay.platform">201706221001846547</replace>
		<replace key="llpay.partner.privatekey">MIICdwIBADANBgkqhkiG9w0BAQEFAASCAmEwggJdAgEAAoGBAJPb6UtHkRtCmunLtxgWUUkqKVMqdMrvLxU4UzTRaNddI2tHUszyTSntfz+l1S3BjRBvjx1/yvrFRvneW7lmM9w+e5LPUnIhqnNrl2aeioOJWHz+Ba6qrRXz8kCf6kfsAMG4H2A2xMcb26ZiMPZxFKHinuKcW7bT+bXTFxrQsR/JAgMBAAECgYEAh2vK6F/LzyPZrngeYblPCavL3ZftEFCw1saXrrB9TYLIheD1PTBO7C/RdAH2lcnH4V3LvkDlL3iv4Pp/F/c7Vvvgs/LbpXwnPvYVtdkZ1x3AZRfS/5uSrSoAkiN0zEJnmb3Ywp7YlCYfVlke4u6dhQN+WxvqPl69VMBzNpagXWECQQDlBVUvIqQp6e0Gsp4oOj3HyQtCT+BsaRZkLtMNTq5pcz/83s1H0cIoU8dTT7LCZvRw+yjYgQ5YBY9D0CZBmwdfAkEApUbzmt2klNpf2apadyI+fYcbYBky3kb2q6YZ/xQuCU8eSJC4F2bPDDfxpsIqADj5A8KB74EnB6h1UT9rQONx1wJBAMXuFfDmv3p58aAYPxgFPd+soU5uOkd3iyKKVVzq41G/iU3CQSgQ4Px5a4tVFeltkVUTu/lhkEQCig7Rlj6c/YECQHwqUIrQ5nsZj5bDv1Du/glp/ev1Il0Q7PHJSJB0RZ2ivbqAVnzmNLgWM0o3ZjxikNj9QIaA/aRoLzLJtTa7aGMCQFEkTk/9gIYYKolMwMllO/SN+dO54W1Pc/Dx65ZsEwzgq+UEBb0BjbxbVebVRcaXam6OKIuCW2KwdQuMlY6AqeQ=</replace>
		<replace key="llpay.publickey">MIGfMA0GCSqGSIb3DQEBAQUAA4GNADCBiQKBgQCSS/DiwdCf/aZsxxcacDnooGph3d2JOj5GXWi+q3gznZauZjkNP8SKl3J2liP0O6rU/Y/29+IUe+GTMhMOFJuZm1htAtKiu5ekW0GlBMWxf4FPkYlQkPE0FtaoMP3gYfh+OwI+fIRrpW3ySn3mScnc6Z700nU/VYrRkfcSCbSnRwIDAQAB</replace>
		<replace key="llpay.md5key">804813d8dd448ec77361584b77da4230</replace>
		
		<replace key="llpay.baseurl">https://wallet.lianlianpay.com</replace>
		<replace key="llpay.notify.baseurl">http://test.coffee-ease.com.cn:9005</replace>
		<replace key="llpay.account.open">/llwalletapi/openunactivedunituser.htm</replace>
		<replace key="llpay.account.active">/llwalletactive/index.htm</replace>
		<replace key="llpay.account.active.notify">/f/notify/active</replace>
		<replace key="llpay.account.cashout">/llwalletapi/cashoutcombineapply.htm</replace>
		<replace key="llpay.account.cashout.notify">/f/notify/cashout</replace>
		<replace key="llpay.account.recharge">/webcharge/gateway.htm</replace>
		<replace key="llpay.account.recharge.notify">/f/notify/recharge</replace>
		<replace key="llpay.account.balancepay">/llwalletapi/balancepwdpay.htm</replace>
		<replace key="llpay.account.balancepay.verify">/llwalletapi/banlancepayVerify.htm</replace>
		<replace key="llpay.account.balancepay.notify">/f/notify/balancepay</replace>
		<replace key="llpay.account.query.userdetail">/llwalletapi/singleuserquery.htm</replace>
		<replace key="llpay.account.query.paymentdetail">/llwalletapi/userpayment.htm</replace>
		<replace key="llpay.account.query.orderquery">/llwalletapi/orderquery.htm</replace>
		<replace key="llpay.account.modify.pwdauth">/llwalletapi/pwdauth.htm</replace>
		<replace key="llpay.account.modify">/llwalletapi/modifyunituser.htm</replace>
		<replace key="llpay.account.modify.bank">/llwalletapi/modiyunituseracct.htm</replace>		
		<replace key="llpay.account.update">/llwalletapi/modifyunituser.htm</replace>
		<replace key="llpay.account.photo">/llwalletapi/uploadunitphoto.htm</replace>
		<replace key="llpay.account.traderpay">/llwalletapi/traderpayment.htm</replace>
		<replace key="llpay.account.traderuserpay">/llwalletapi/traderuserpayment.htm</replace>
		<replace key="llpay.coffee.orginfoid">1</replace>
		<!-- llpay server end -->
	</config-file>	
	
</portable-config>